<testsuite failures="1" name="src/test/java/feauturefiles/karate03.feature" skipped="0" tests="1" time="0.006933">
  <testcase classname="src.test.java.feauturefiles.karate03" name="XML Test Case 7" time="0.006933">
    <failure message="karate03.feature:73 - evaluation (js) failed: (xml/info/tool[1]/name, javax.script.ScriptException: &lt;eval&gt;:1:22 Expected ) but found eof&#13;&#10;(xml/info/tool[1]/name&#13;&#10;                      ^ in &lt;eval&gt; at line number 1 at column number 22&#10;stack trace: jdk.nashorn.api.scripting.NashornScriptEngine.throwAsScriptException(NashornScriptEngine.java:470)">Given def xml = ........................................................... passed
* match (xml/info/tool[1]/name contains "Karate") ......................... failed

Stack Trace:
com.intuit.karate.exception.KarateException: karate03.feature:73 - evaluation (js) failed: (xml/info/tool[1]/name, javax.script.ScriptException: &lt;eval&gt;:1:22 Expected ) but found eof&#13;
(xml/info/tool[1]/name&#13;
                      ^ in &lt;eval&gt; at line number 1 at column number 22
stack trace: jdk.nashorn.api.scripting.NashornScriptEngine.throwAsScriptException(NashornScriptEngine.java:470)&#13;
	at âœ½.* match (xml/info/tool[1]/name contains "Karate") (karate03.feature:73)</failure>
  </testcase>
</testsuite>
