<testsuite failures="0" name="src/test/java/feauturefiles/karate12.feature" skipped="0" tests="2" time="1.245821">
  <testcase classname="src.test.java.feauturefiles.karate12" name="DDT Test Case 2" time="0.926076">
    <system-out>Given url "https://www.w3schools.com/xml/tempconvert.asmx/CelsiusToFahrenheit" . passed
And header Content-Type = "application/x-www-form-urlencoded" ............. passed
And request "Celsius=37" .................................................. passed
When method POST .......................................................... passed
Then status 200 ........................................................... passed
* print responseHeaders ................................................... passed
* print responseType ...................................................... passed
* print responseTime ...................................................... passed
* match response contains "98.6" .......................................... passed</system-out>
  </testcase>
  <testcase classname="src.test.java.feauturefiles.karate12" name="DDT Test Case 2" time="0.319745">
    <system-out>Given url "https://www.w3schools.com/xml/tempconvert.asmx/CelsiusToFahrenheit" . passed
And header Content-Type = "application/x-www-form-urlencoded" ............. passed
And request "Celsius=37" .................................................. passed
When method POST .......................................................... passed
Then status 200 ........................................................... passed
* print responseHeaders ................................................... passed
* print responseType ...................................................... passed
* print responseTime ...................................................... passed
* match response contains "98.6" .......................................... passed
Given url "https://www.w3schools.com/xml/tempconvert.asmx/CelsiusToFahrenheit" . passed
And header Content-Type = "application/x-www-form-urlencoded" ............. passed
And request "Celsius=40" .................................................. passed
When method POST .......................................................... passed
Then status 200 ........................................................... passed
* print responseHeaders ................................................... passed
* print responseType ...................................................... passed
* print responseTime ...................................................... passed
* match response contains "104" ........................................... passed</system-out>
  </testcase>
</testsuite>
