<testsuite failures="0" name="src/test/java/feauturefiles/karate06.feature" skipped="0" tests="1" time="0.014784">
  <testcase classname="src.test.java.feauturefiles.karate06" name="Karate Logical Operator Validation" time="0.014784">
    <system-out>* def a = 10 .............................................................. passed
* def b = 20 .............................................................. passed
* assert a == 10 &amp;&amp; b == 20 ............................................... passed
* print "after assert" .................................................... passed</system-out>
  </testcase>
</testsuite>
