<testsuite failures="0" name="src/test/java/feauturefiles/karate11.feature" skipped="0" tests="2" time="1.308164">
  <testcase classname="src.test.java.feauturefiles.karate11" name="DDT Test Case 1" time="1.004382">
    <system-out>Given url "https://www.w3schools.com/xml/tempconvert.asmx/CelsiusToFahrenheit" . passed
And header Content-Type = "application/x-www-form-urlencoded" ............. passed
And request "Celsius=37" .................................................. passed
When method POST .......................................................... passed
Then status 200 ........................................................... passed
* print responseHeaders ................................................... passed
* print responseType ...................................................... passed
* print response .......................................................... passed
* assert responseTime &lt;= 1000 ............................................. passed
* match response //string == 98.6 ......................................... passed</system-out>
  </testcase>
  <testcase classname="src.test.java.feauturefiles.karate11" name="DDT Test Case 1" time="0.303782">
    <system-out>Given url "https://www.w3schools.com/xml/tempconvert.asmx/CelsiusToFahrenheit" . passed
And header Content-Type = "application/x-www-form-urlencoded" ............. passed
And request "Celsius=37" .................................................. passed
When method POST .......................................................... passed
Then status 200 ........................................................... passed
* print responseHeaders ................................................... passed
* print responseType ...................................................... passed
* print response .......................................................... passed
* assert responseTime &lt;= 1000 ............................................. passed
* match response //string == 98.6 ......................................... passed
Given url "https://www.w3schools.com/xml/tempconvert.asmx/CelsiusToFahrenheit" . passed
And header Content-Type = "application/x-www-form-urlencoded" ............. passed
And request "Celsius=40" .................................................. passed
When method POST .......................................................... passed
Then status 200 ........................................................... passed
* print responseHeaders ................................................... passed
* print responseType ...................................................... passed
* print response .......................................................... passed
* assert responseTime &lt;= 1000 ............................................. passed
* match response //string == 104 .......................................... passed</system-out>
  </testcase>
</testsuite>
