<testsuite failures="0" name="src/test/java/feauturefiles/karate20-kafka3.feature" skipped="0" tests="8" time="1.570369">
  <testcase classname="src.test.java.feauturefiles.karate20-kafka3" name="Creating Consumer" time="0.436312">
    <system-out>Given url "http://192.168.1.62:8082" ...................................... passed
Given path "/consumers/my-consumer-group" ................................. passed
And request ............................................................... passed
And header Content-Type = "application/vnd.kafka.json.v2+json" ............ passed
When method post .......................................................... passed
Then status 200 ........................................................... passed
* print response .......................................................... passed
* match response.instance_id == "syed_consumer" ........................... passed
* def consumer_url = response.base_uri .................................... passed
* print consumer_url ...................................................... passed</system-out>
  </testcase>
  <testcase classname="src.test.java.feauturefiles.karate20-kafka3" name="Subscribing to topic" time="0.010596">
    <system-out>Given url "http://192.168.1.62:8082" ...................................... passed
Given path "/consumers/my-consumer-group" ................................. passed
And request ............................................................... passed
And header Content-Type = "application/vnd.kafka.json.v2+json" ............ passed
When method post .......................................................... passed
Then status 200 ........................................................... passed
* print response .......................................................... passed
* match response.instance_id == "syed_consumer" ........................... passed
* def consumer_url = response.base_uri .................................... passed
* print consumer_url ...................................................... passed
Given url "http://192.168.1.62:8082" ...................................... passed
Given path "/consumers/my-consumer-group/instances/syed_consumer/subscription" . passed
And request ............................................................... passed
And header Content-Type = "application/vnd.kafka.v2+json" ................. passed
When method post .......................................................... passed
Then status 204 ........................................................... passed</system-out>
  </testcase>
  <testcase classname="src.test.java.feauturefiles.karate20-kafka3" name="Getting Subscription" time="0.057377">
    <system-out>Given url "http://192.168.1.62:8082" ...................................... passed
Given path "/consumers/my-consumer-group" ................................. passed
And request ............................................................... passed
And header Content-Type = "application/vnd.kafka.json.v2+json" ............ passed
When method post .......................................................... passed
Then status 200 ........................................................... passed
* print response .......................................................... passed
* match response.instance_id == "syed_consumer" ........................... passed
* def consumer_url = response.base_uri .................................... passed
* print consumer_url ...................................................... passed
Given url "http://192.168.1.62:8082" ...................................... passed
Given path "/consumers/my-consumer-group/instances/syed_consumer/subscription" . passed
And request ............................................................... passed
And header Content-Type = "application/vnd.kafka.v2+json" ................. passed
When method post .......................................................... passed
Then status 204 ........................................................... passed
Given url "http://192.168.1.62:8082" ...................................... passed
Given path "/consumers/my-consumer-group/instances/syed_consumer/subscription" . passed
And header Accept = "application/vnd.kafka.v2+json" ....................... passed
When method get ........................................................... passed
Then status 200 ........................................................... passed
* print response .......................................................... passed
* assert response.topics[0] == "syed_topic" ............................... passed</system-out>
  </testcase>
  <testcase classname="src.test.java.feauturefiles.karate20-kafka3" name="Getting Subscription records" time="1.018628">
    <system-out>Given url "http://192.168.1.62:8082" ...................................... passed
Given path "/consumers/my-consumer-group" ................................. passed
And request ............................................................... passed
And header Content-Type = "application/vnd.kafka.json.v2+json" ............ passed
When method post .......................................................... passed
Then status 200 ........................................................... passed
* print response .......................................................... passed
* match response.instance_id == "syed_consumer" ........................... passed
* def consumer_url = response.base_uri .................................... passed
* print consumer_url ...................................................... passed
Given url "http://192.168.1.62:8082" ...................................... passed
Given path "/consumers/my-consumer-group/instances/syed_consumer/subscription" . passed
And request ............................................................... passed
And header Content-Type = "application/vnd.kafka.v2+json" ................. passed
When method post .......................................................... passed
Then status 204 ........................................................... passed
Given url "http://192.168.1.62:8082" ...................................... passed
Given path "/consumers/my-consumer-group/instances/syed_consumer/subscription" . passed
And header Accept = "application/vnd.kafka.v2+json" ....................... passed
When method get ........................................................... passed
Then status 200 ........................................................... passed
* print response .......................................................... passed
* assert response.topics[0] == "syed_topic" ............................... passed
Given url "http://192.168.1.62:8082" ...................................... passed
Given path "/consumers/my-consumer-group/instances/syed_consumer/records" . passed
And param timeout = 3000 .................................................. passed
And param max_bytes = 300000 .............................................. passed
And header Accept = "application/vnd.kafka.json.v2+json" .................. passed
When method get ........................................................... passed
Then status 200 ........................................................... passed
* print response .......................................................... passed</system-out>
  </testcase>
  <testcase classname="src.test.java.feauturefiles.karate20-kafka3" name="Getting assigned Assignments" time="0.013808">
    <system-out>Given url "http://192.168.1.62:8082" ...................................... passed
Given path "/consumers/my-consumer-group" ................................. passed
And request ............................................................... passed
And header Content-Type = "application/vnd.kafka.json.v2+json" ............ passed
When method post .......................................................... passed
Then status 200 ........................................................... passed
* print response .......................................................... passed
* match response.instance_id == "syed_consumer" ........................... passed
* def consumer_url = response.base_uri .................................... passed
* print consumer_url ...................................................... passed
Given url "http://192.168.1.62:8082" ...................................... passed
Given path "/consumers/my-consumer-group/instances/syed_consumer/subscription" . passed
And request ............................................................... passed
And header Content-Type = "application/vnd.kafka.v2+json" ................. passed
When method post .......................................................... passed
Then status 204 ........................................................... passed
Given url "http://192.168.1.62:8082" ...................................... passed
Given path "/consumers/my-consumer-group/instances/syed_consumer/subscription" . passed
And header Accept = "application/vnd.kafka.v2+json" ....................... passed
When method get ........................................................... passed
Then status 200 ........................................................... passed
* print response .......................................................... passed
* assert response.topics[0] == "syed_topic" ............................... passed
Given url "http://192.168.1.62:8082" ...................................... passed
Given path "/consumers/my-consumer-group/instances/syed_consumer/records" . passed
And param timeout = 3000 .................................................. passed
And param max_bytes = 300000 .............................................. passed
And header Accept = "application/vnd.kafka.json.v2+json" .................. passed
When method get ........................................................... passed
Then status 200 ........................................................... passed
* print response .......................................................... passed
Given url "http://192.168.1.62:8082" ...................................... passed
Given path "/consumers/my-consumer-group/instances/syed_consumer/assignments" . passed
And header Accept = "application/vnd.kafka.v2+json" ....................... passed
When method get ........................................................... passed
Then status 200 ........................................................... passed
* print response .......................................................... passed
* assert response.partitions[0].topic == "syed_topic" ..................... passed</system-out>
  </testcase>
  <testcase classname="src.test.java.feauturefiles.karate20-kafka3" name="Deleting assigned subscription" time="0.010169">
    <system-out>Given url "http://192.168.1.62:8082" ...................................... passed
Given path "/consumers/my-consumer-group" ................................. passed
And request ............................................................... passed
And header Content-Type = "application/vnd.kafka.json.v2+json" ............ passed
When method post .......................................................... passed
Then status 200 ........................................................... passed
* print response .......................................................... passed
* match response.instance_id == "syed_consumer" ........................... passed
* def consumer_url = response.base_uri .................................... passed
* print consumer_url ...................................................... passed
Given url "http://192.168.1.62:8082" ...................................... passed
Given path "/consumers/my-consumer-group/instances/syed_consumer/subscription" . passed
And request ............................................................... passed
And header Content-Type = "application/vnd.kafka.v2+json" ................. passed
When method post .......................................................... passed
Then status 204 ........................................................... passed
Given url "http://192.168.1.62:8082" ...................................... passed
Given path "/consumers/my-consumer-group/instances/syed_consumer/subscription" . passed
And header Accept = "application/vnd.kafka.v2+json" ....................... passed
When method get ........................................................... passed
Then status 200 ........................................................... passed
* print response .......................................................... passed
* assert response.topics[0] == "syed_topic" ............................... passed
Given url "http://192.168.1.62:8082" ...................................... passed
Given path "/consumers/my-consumer-group/instances/syed_consumer/records" . passed
And param timeout = 3000 .................................................. passed
And param max_bytes = 300000 .............................................. passed
And header Accept = "application/vnd.kafka.json.v2+json" .................. passed
When method get ........................................................... passed
Then status 200 ........................................................... passed
* print response .......................................................... passed
Given url "http://192.168.1.62:8082" ...................................... passed
Given path "/consumers/my-consumer-group/instances/syed_consumer/assignments" . passed
And header Accept = "application/vnd.kafka.v2+json" ....................... passed
When method get ........................................................... passed
Then status 200 ........................................................... passed
* print response .......................................................... passed
* assert response.partitions[0].topic == "syed_topic" ..................... passed
Given url "http://192.168.1.62:8082" ...................................... passed
Given path "/consumers/my-consumer-group/instances/syed_consumer/subscription" . passed
And header Accept = "application/vnd.kafka.v2+json" ....................... passed
When method delete ........................................................ passed
Then status 204 ........................................................... passed</system-out>
  </testcase>
  <testcase classname="src.test.java.feauturefiles.karate20-kafka3" name="Deleting consumer" time="0.013191">
    <system-out>Given url "http://192.168.1.62:8082" ...................................... passed
Given path "/consumers/my-consumer-group" ................................. passed
And request ............................................................... passed
And header Content-Type = "application/vnd.kafka.json.v2+json" ............ passed
When method post .......................................................... passed
Then status 200 ........................................................... passed
* print response .......................................................... passed
* match response.instance_id == "syed_consumer" ........................... passed
* def consumer_url = response.base_uri .................................... passed
* print consumer_url ...................................................... passed
Given url "http://192.168.1.62:8082" ...................................... passed
Given path "/consumers/my-consumer-group/instances/syed_consumer/subscription" . passed
And request ............................................................... passed
And header Content-Type = "application/vnd.kafka.v2+json" ................. passed
When method post .......................................................... passed
Then status 204 ........................................................... passed
Given url "http://192.168.1.62:8082" ...................................... passed
Given path "/consumers/my-consumer-group/instances/syed_consumer/subscription" . passed
And header Accept = "application/vnd.kafka.v2+json" ....................... passed
When method get ........................................................... passed
Then status 200 ........................................................... passed
* print response .......................................................... passed
* assert response.topics[0] == "syed_topic" ............................... passed
Given url "http://192.168.1.62:8082" ...................................... passed
Given path "/consumers/my-consumer-group/instances/syed_consumer/records" . passed
And param timeout = 3000 .................................................. passed
And param max_bytes = 300000 .............................................. passed
And header Accept = "application/vnd.kafka.json.v2+json" .................. passed
When method get ........................................................... passed
Then status 200 ........................................................... passed
* print response .......................................................... passed
Given url "http://192.168.1.62:8082" ...................................... passed
Given path "/consumers/my-consumer-group/instances/syed_consumer/assignments" . passed
And header Accept = "application/vnd.kafka.v2+json" ....................... passed
When method get ........................................................... passed
Then status 200 ........................................................... passed
* print response .......................................................... passed
* assert response.partitions[0].topic == "syed_topic" ..................... passed
Given url "http://192.168.1.62:8082" ...................................... passed
Given path "/consumers/my-consumer-group/instances/syed_consumer/subscription" . passed
And header Accept = "application/vnd.kafka.v2+json" ....................... passed
When method delete ........................................................ passed
Then status 204 ........................................................... passed
Given url "http://192.168.1.62:8082" ...................................... passed
Given path "/consumers/my-consumer-group/instances/syed_consumer" ......... passed
And header Accept = "application/vnd.kafka.v2+json" ....................... passed
When method delete ........................................................ passed
Then status 204 ........................................................... passed</system-out>
  </testcase>
  <testcase classname="src.test.java.feauturefiles.karate20-kafka3" name="Deleting consumer - Negative Test Case" time="0.010288">
    <system-out>Given url "http://192.168.1.62:8082" ...................................... passed
Given path "/consumers/my-consumer-group" ................................. passed
And request ............................................................... passed
And header Content-Type = "application/vnd.kafka.json.v2+json" ............ passed
When method post .......................................................... passed
Then status 200 ........................................................... passed
* print response .......................................................... passed
* match response.instance_id == "syed_consumer" ........................... passed
* def consumer_url = response.base_uri .................................... passed
* print consumer_url ...................................................... passed
Given url "http://192.168.1.62:8082" ...................................... passed
Given path "/consumers/my-consumer-group/instances/syed_consumer/subscription" . passed
And request ............................................................... passed
And header Content-Type = "application/vnd.kafka.v2+json" ................. passed
When method post .......................................................... passed
Then status 204 ........................................................... passed
Given url "http://192.168.1.62:8082" ...................................... passed
Given path "/consumers/my-consumer-group/instances/syed_consumer/subscription" . passed
And header Accept = "application/vnd.kafka.v2+json" ....................... passed
When method get ........................................................... passed
Then status 200 ........................................................... passed
* print response .......................................................... passed
* assert response.topics[0] == "syed_topic" ............................... passed
Given url "http://192.168.1.62:8082" ...................................... passed
Given path "/consumers/my-consumer-group/instances/syed_consumer/records" . passed
And param timeout = 3000 .................................................. passed
And param max_bytes = 300000 .............................................. passed
And header Accept = "application/vnd.kafka.json.v2+json" .................. passed
When method get ........................................................... passed
Then status 200 ........................................................... passed
* print response .......................................................... passed
Given url "http://192.168.1.62:8082" ...................................... passed
Given path "/consumers/my-consumer-group/instances/syed_consumer/assignments" . passed
And header Accept = "application/vnd.kafka.v2+json" ....................... passed
When method get ........................................................... passed
Then status 200 ........................................................... passed
* print response .......................................................... passed
* assert response.partitions[0].topic == "syed_topic" ..................... passed
Given url "http://192.168.1.62:8082" ...................................... passed
Given path "/consumers/my-consumer-group/instances/syed_consumer/subscription" . passed
And header Accept = "application/vnd.kafka.v2+json" ....................... passed
When method delete ........................................................ passed
Then status 204 ........................................................... passed
Given url "http://192.168.1.62:8082" ...................................... passed
Given path "/consumers/my-consumer-group/instances/syed_consumer" ......... passed
And header Accept = "application/vnd.kafka.v2+json" ....................... passed
When method delete ........................................................ passed
Then status 204 ........................................................... passed
Given url "http://192.168.1.62:8082" ...................................... passed
Given path "/consumers/my-consumer-group/instances/syed_consumer" ......... passed
And header Accept = "application/vnd.kafka.v2+json" ....................... passed
When method delete ........................................................ passed
Then status 404 ........................................................... passed
* assert response.message == "Consumer instance not found." ............... passed</system-out>
  </testcase>
</testsuite>
