<testsuite failures="0" name="feauturefiles/karate12.feature" skipped="0" tests="4" time="1.216669">
  <testcase classname="feauturefiles.karate12" name="DDT Test Case 1" time="0.293864">
    <system-out>Given url "https://www.w3schools.com/xml/tempconvert.asmx/CelsiusToFahrenheit" . passed
And header Content-Type = "application/x-www-form-urlencoded" ............. passed
And request "Celsius=37" .................................................. passed
When method POST .......................................................... passed
Then status 200 ........................................................... passed
* print responseHeaders ................................................... passed
* print responseType ...................................................... passed
* print responseTime ...................................................... passed
* match response contains "98.6" .......................................... passed</system-out>
  </testcase>
  <testcase classname="feauturefiles.karate12" name="DDT Test Case 1" time="0.304874">
    <system-out>Given url "https://www.w3schools.com/xml/tempconvert.asmx/CelsiusToFahrenheit" . passed
And header Content-Type = "application/x-www-form-urlencoded" ............. passed
And request "Celsius=37" .................................................. passed
When method POST .......................................................... passed
Then status 200 ........................................................... passed
* print responseHeaders ................................................... passed
* print responseType ...................................................... passed
* print responseTime ...................................................... passed
* match response contains "98.6" .......................................... passed
Given url "https://www.w3schools.com/xml/tempconvert.asmx/CelsiusToFahrenheit" . passed
And header Content-Type = "application/x-www-form-urlencoded" ............. passed
And request "Celsius=40" .................................................. passed
When method POST .......................................................... passed
Then status 200 ........................................................... passed
* print responseHeaders ................................................... passed
* print responseType ...................................................... passed
* print responseTime ...................................................... passed
* match response contains "104" ........................................... passed</system-out>
  </testcase>
  <testcase classname="feauturefiles.karate12" name="DDT Test Case 2" time="0.320094">
    <system-out>Given url "https://www.w3schools.com/xml/tempconvert.asmx/CelsiusToFahrenheit" . passed
And header Content-Type = "application/x-www-form-urlencoded" ............. passed
And request "Celsius=37" .................................................. passed
When method POST .......................................................... passed
Then status 200 ........................................................... passed
* print responseHeaders ................................................... passed
* print responseType ...................................................... passed
* print responseTime ...................................................... passed
* match response contains "98.6" .......................................... passed
Given url "https://www.w3schools.com/xml/tempconvert.asmx/CelsiusToFahrenheit" . passed
And header Content-Type = "application/x-www-form-urlencoded" ............. passed
And request "Celsius=40" .................................................. passed
When method POST .......................................................... passed
Then status 200 ........................................................... passed
* print responseHeaders ................................................... passed
* print responseType ...................................................... passed
* print responseTime ...................................................... passed
* match response contains "104" ........................................... passed
Given url "https://www.w3schools.com/xml/tempconvert.asmx/CelsiusToFahrenheit" . passed
And header Content-Type = "application/x-www-form-urlencoded" ............. passed
And request "Celsius=37" .................................................. passed
When method POST .......................................................... passed
Then status 200 ........................................................... passed
* print responseHeaders ................................................... passed
* print responseType ...................................................... passed
* print responseTime ...................................................... passed
* match response contains "98.6" .......................................... passed</system-out>
  </testcase>
  <testcase classname="feauturefiles.karate12" name="DDT Test Case 2" time="0.297837">
    <system-out>Given url "https://www.w3schools.com/xml/tempconvert.asmx/CelsiusToFahrenheit" . passed
And header Content-Type = "application/x-www-form-urlencoded" ............. passed
And request "Celsius=37" .................................................. passed
When method POST .......................................................... passed
Then status 200 ........................................................... passed
* print responseHeaders ................................................... passed
* print responseType ...................................................... passed
* print responseTime ...................................................... passed
* match response contains "98.6" .......................................... passed
Given url "https://www.w3schools.com/xml/tempconvert.asmx/CelsiusToFahrenheit" . passed
And header Content-Type = "application/x-www-form-urlencoded" ............. passed
And request "Celsius=40" .................................................. passed
When method POST .......................................................... passed
Then status 200 ........................................................... passed
* print responseHeaders ................................................... passed
* print responseType ...................................................... passed
* print responseTime ...................................................... passed
* match response contains "104" ........................................... passed
Given url "https://www.w3schools.com/xml/tempconvert.asmx/CelsiusToFahrenheit" . passed
And header Content-Type = "application/x-www-form-urlencoded" ............. passed
And request "Celsius=37" .................................................. passed
When method POST .......................................................... passed
Then status 200 ........................................................... passed
* print responseHeaders ................................................... passed
* print responseType ...................................................... passed
* print responseTime ...................................................... passed
* match response contains "98.6" .......................................... passed
Given url "https://www.w3schools.com/xml/tempconvert.asmx/CelsiusToFahrenheit" . passed
And header Content-Type = "application/x-www-form-urlencoded" ............. passed
And request "Celsius=40" .................................................. passed
When method POST .......................................................... passed
Then status 200 ........................................................... passed
* print responseHeaders ................................................... passed
* print responseType ...................................................... passed
* print responseTime ...................................................... passed
* match response contains "104" ........................................... passed</system-out>
  </testcase>
</testsuite>
