<testsuite failures="0" name="feauturefiles/karate01.feature" skipped="0" tests="3" time="0.024615">
  <testcase classname="feauturefiles.karate01" name="Karate Test Case 1" time="0.003146">
    <system-out>Given def a = 10 .......................................................... passed
And def b = 20 ............................................................ passed
When def c = a + b ........................................................ passed
Then assert c == 30 ....................................................... passed
And print "c = ", c ....................................................... passed
And karate.log("End of the  test") ........................................ passed</system-out>
  </testcase>
  <testcase classname="feauturefiles.karate01" name="Karate Test Case 2" time="0.014535">
    <system-out>Given def a = 10 .......................................................... passed
And def b = 20 ............................................................ passed
When def c = a + b ........................................................ passed
Then assert c == 30 ....................................................... passed
And print "c = ", c ....................................................... passed
And karate.log("End of the  test") ........................................ passed
Given def a = 10 .......................................................... passed
* def b = 20 .............................................................. passed
When def c = a + b ........................................................ passed
Then assert c == 30 ....................................................... passed
* print "c = ", c ......................................................... passed
* karate.log("End of the  test") .......................................... passed</system-out>
  </testcase>
  <testcase classname="feauturefiles.karate01" name="Karate Test Case 3" time="0.006934">
    <system-out>Given def a = 10 .......................................................... passed
And def b = 20 ............................................................ passed
When def c = a + b ........................................................ passed
Then assert c == 30 ....................................................... passed
And print "c = ", c ....................................................... passed
And karate.log("End of the  test") ........................................ passed
Given def a = 10 .......................................................... passed
* def b = 20 .............................................................. passed
When def c = a + b ........................................................ passed
Then assert c == 30 ....................................................... passed
* print "c = ", c ......................................................... passed
* karate.log("End of the  test") .......................................... passed
* def a = 10 .............................................................. passed
* def b = 20 .............................................................. passed
* def c = a + b ........................................................... passed
* assert c == 30 .......................................................... passed
* print "c = ", c ......................................................... passed
* karate.log("End of the  test") .......................................... passed</system-out>
  </testcase>
</testsuite>
