<testsuite failures="4" name="feauturefiles/karate20-kafka3.feature" skipped="0" tests="8" time="21.053816">
  <testcase classname="feauturefiles.karate20-kafka3" name="Creating Consumer" time="0.019796">
    <system-out>Given url "http://192.168.1.62:8082" ...................................... passed
Given path "/consumers/my-consumer-group" ................................. passed
And request ............................................................... passed
And header Content-Type = "application/vnd.kafka.json.v2+json" ............ passed
When method post .......................................................... passed
Then status 200 ........................................................... passed
* print response .......................................................... passed
* match response.instance_id == "syed_consumer" ........................... passed
* def consumer_url = response.base_uri .................................... passed
* print consumer_url ...................................................... passed</system-out>
  </testcase>
  <testcase classname="feauturefiles.karate20-kafka3" name="Subscribing to topic" time="0.006112">
    <system-out>Given url "http://192.168.1.62:8082" ...................................... passed
Given path "/consumers/my-consumer-group" ................................. passed
And request ............................................................... passed
And header Content-Type = "application/vnd.kafka.json.v2+json" ............ passed
When method post .......................................................... passed
Then status 200 ........................................................... passed
* print response .......................................................... passed
* match response.instance_id == "syed_consumer" ........................... passed
* def consumer_url = response.base_uri .................................... passed
* print consumer_url ...................................................... passed
Given url "http://192.168.1.62:8082" ...................................... passed
Given path "/consumers/my-consumer-group/instances/syed_consumer/subscription" . passed
And request ............................................................... passed
And header Content-Type = "application/vnd.kafka.v2+json" ................. passed
When method post .......................................................... passed
Then status 204 ........................................................... passed</system-out>
  </testcase>
  <testcase classname="feauturefiles.karate20-kafka3" name="Getting Subscription" time="0.006872">
    <system-out>Given url "http://192.168.1.62:8082" ...................................... passed
Given path "/consumers/my-consumer-group" ................................. passed
And request ............................................................... passed
And header Content-Type = "application/vnd.kafka.json.v2+json" ............ passed
When method post .......................................................... passed
Then status 200 ........................................................... passed
* print response .......................................................... passed
* match response.instance_id == "syed_consumer" ........................... passed
* def consumer_url = response.base_uri .................................... passed
* print consumer_url ...................................................... passed
Given url "http://192.168.1.62:8082" ...................................... passed
Given path "/consumers/my-consumer-group/instances/syed_consumer/subscription" . passed
And request ............................................................... passed
And header Content-Type = "application/vnd.kafka.v2+json" ................. passed
When method post .......................................................... passed
Then status 204 ........................................................... passed
Given url "http://192.168.1.62:8082" ...................................... passed
Given path "/consumers/my-consumer-group/instances/syed_consumer/subscription" . passed
And header Accept = "application/vnd.kafka.v2+json" ....................... passed
When method get ........................................................... passed
Then status 200 ........................................................... passed
* print response .......................................................... passed
* assert response.topics[0] == "syed_topic" ............................... passed</system-out>
  </testcase>
  <testcase classname="feauturefiles.karate20-kafka3" name="Getting Subscription records" time="1.010667">
    <system-out>Given url "http://192.168.1.62:8082" ...................................... passed
Given path "/consumers/my-consumer-group" ................................. passed
And request ............................................................... passed
And header Content-Type = "application/vnd.kafka.json.v2+json" ............ passed
When method post .......................................................... passed
Then status 200 ........................................................... passed
* print response .......................................................... passed
* match response.instance_id == "syed_consumer" ........................... passed
* def consumer_url = response.base_uri .................................... passed
* print consumer_url ...................................................... passed
Given url "http://192.168.1.62:8082" ...................................... passed
Given path "/consumers/my-consumer-group/instances/syed_consumer/subscription" . passed
And request ............................................................... passed
And header Content-Type = "application/vnd.kafka.v2+json" ................. passed
When method post .......................................................... passed
Then status 204 ........................................................... passed
Given url "http://192.168.1.62:8082" ...................................... passed
Given path "/consumers/my-consumer-group/instances/syed_consumer/subscription" . passed
And header Accept = "application/vnd.kafka.v2+json" ....................... passed
When method get ........................................................... passed
Then status 200 ........................................................... passed
* print response .......................................................... passed
* assert response.topics[0] == "syed_topic" ............................... passed
Given url "http://192.168.1.62:8082" ...................................... passed
Given path "/consumers/my-consumer-group/instances/syed_consumer/records" . passed
And param timeout = 3000 .................................................. passed
And param max_bytes = 300000 .............................................. passed
And header Accept = "application/vnd.kafka.json.v2+json" .................. passed
When method get ........................................................... passed
Then status 200 ........................................................... passed
* print response .......................................................... passed</system-out>
  </testcase>
  <testcase classname="feauturefiles.karate20-kafka3" name="Getting assigned Assignments" time="5.011923">
    <failure message="karate20-kafka3.feature:64 - &#10;java.net.SocketTimeoutException: Read timed out">Given url "http://192.168.1.62:8082" ...................................... passed
Given path "/consumers/my-consumer-group" ................................. passed
And request ............................................................... passed
And header Content-Type = "application/vnd.kafka.json.v2+json" ............ passed
When method post .......................................................... passed
Then status 200 ........................................................... passed
* print response .......................................................... passed
* match response.instance_id == "syed_consumer" ........................... passed
* def consumer_url = response.base_uri .................................... passed
* print consumer_url ...................................................... passed
Given url "http://192.168.1.62:8082" ...................................... passed
Given path "/consumers/my-consumer-group/instances/syed_consumer/subscription" . passed
And request ............................................................... passed
And header Content-Type = "application/vnd.kafka.v2+json" ................. passed
When method post .......................................................... passed
Then status 204 ........................................................... passed
Given url "http://192.168.1.62:8082" ...................................... passed
Given path "/consumers/my-consumer-group/instances/syed_consumer/subscription" . passed
And header Accept = "application/vnd.kafka.v2+json" ....................... passed
When method get ........................................................... passed
Then status 200 ........................................................... passed
* print response .......................................................... passed
* assert response.topics[0] == "syed_topic" ............................... passed
Given url "http://192.168.1.62:8082" ...................................... passed
Given path "/consumers/my-consumer-group/instances/syed_consumer/records" . passed
And param timeout = 3000 .................................................. passed
And param max_bytes = 300000 .............................................. passed
And header Accept = "application/vnd.kafka.json.v2+json" .................. passed
When method get ........................................................... passed
Then status 200 ........................................................... passed
* print response .......................................................... passed
Given url "http://192.168.1.62:8082" ...................................... passed
Given path "/consumers/my-consumer-group/instances/syed_consumer/assignments" . passed
And header Accept = "application/vnd.kafka.v2+json" ....................... passed
When method get ........................................................... failed

Stack Trace:
com.intuit.karate.exception.KarateException: karate20-kafka3.feature:64 - 
java.net.SocketTimeoutException: Read timed out&#13;
	at ✽.When method get (karate20-kafka3.feature:64)&#13;

Then status 200 ........................................................... skipped
* print response .......................................................... skipped
* assert response.partitions[0].topic == "syed_topic" ..................... skipped</failure>
  </testcase>
  <testcase classname="feauturefiles.karate20-kafka3" name="Deleting assigned subscription" time="5.006939">
    <failure message="karate20-kafka3.feature:74 - &#10;java.net.SocketTimeoutException: Read timed out">Given url "http://192.168.1.62:8082" ...................................... passed
Given path "/consumers/my-consumer-group" ................................. passed
And request ............................................................... passed
And header Content-Type = "application/vnd.kafka.json.v2+json" ............ passed
When method post .......................................................... passed
Then status 200 ........................................................... passed
* print response .......................................................... passed
* match response.instance_id == "syed_consumer" ........................... passed
* def consumer_url = response.base_uri .................................... passed
* print consumer_url ...................................................... passed
Given url "http://192.168.1.62:8082" ...................................... passed
Given path "/consumers/my-consumer-group/instances/syed_consumer/subscription" . passed
And request ............................................................... passed
And header Content-Type = "application/vnd.kafka.v2+json" ................. passed
When method post .......................................................... passed
Then status 204 ........................................................... passed
Given url "http://192.168.1.62:8082" ...................................... passed
Given path "/consumers/my-consumer-group/instances/syed_consumer/subscription" . passed
And header Accept = "application/vnd.kafka.v2+json" ....................... passed
When method get ........................................................... passed
Then status 200 ........................................................... passed
* print response .......................................................... passed
* assert response.topics[0] == "syed_topic" ............................... passed
Given url "http://192.168.1.62:8082" ...................................... passed
Given path "/consumers/my-consumer-group/instances/syed_consumer/records" . passed
And param timeout = 3000 .................................................. passed
And param max_bytes = 300000 .............................................. passed
And header Accept = "application/vnd.kafka.json.v2+json" .................. passed
When method get ........................................................... passed
Then status 200 ........................................................... passed
* print response .......................................................... passed
Given url "http://192.168.1.62:8082" ...................................... passed
Given path "/consumers/my-consumer-group/instances/syed_consumer/assignments" . passed
And header Accept = "application/vnd.kafka.v2+json" ....................... passed
When method get ........................................................... failed

Stack Trace:
com.intuit.karate.exception.KarateException: karate20-kafka3.feature:64 - 
java.net.SocketTimeoutException: Read timed out&#13;
	at ✽.When method get (karate20-kafka3.feature:64)&#13;

Then status 200 ........................................................... skipped
* print response .......................................................... skipped
* assert response.partitions[0].topic == "syed_topic" ..................... skipped
Given url "http://192.168.1.62:8082" ...................................... passed
Given path "/consumers/my-consumer-group/instances/syed_consumer/subscription" . passed
And header Accept = "application/vnd.kafka.v2+json" ....................... passed
When method delete ........................................................ failed

Stack Trace:
com.intuit.karate.exception.KarateException: karate20-kafka3.feature:74 - 
java.net.SocketTimeoutException: Read timed out&#13;
	at ✽.When method delete (karate20-kafka3.feature:74)&#13;

Then status 204 ........................................................... skipped</failure>
  </testcase>
  <testcase classname="feauturefiles.karate20-kafka3" name="Deleting consumer" time="4.995016">
    <failure message="karate20-kafka3.feature:81 - &#10;java.net.SocketTimeoutException: Read timed out">Given url "http://192.168.1.62:8082" ...................................... passed
Given path "/consumers/my-consumer-group" ................................. passed
And request ............................................................... passed
And header Content-Type = "application/vnd.kafka.json.v2+json" ............ passed
When method post .......................................................... passed
Then status 200 ........................................................... passed
* print response .......................................................... passed
* match response.instance_id == "syed_consumer" ........................... passed
* def consumer_url = response.base_uri .................................... passed
* print consumer_url ...................................................... passed
Given url "http://192.168.1.62:8082" ...................................... passed
Given path "/consumers/my-consumer-group/instances/syed_consumer/subscription" . passed
And request ............................................................... passed
And header Content-Type = "application/vnd.kafka.v2+json" ................. passed
When method post .......................................................... passed
Then status 204 ........................................................... passed
Given url "http://192.168.1.62:8082" ...................................... passed
Given path "/consumers/my-consumer-group/instances/syed_consumer/subscription" . passed
And header Accept = "application/vnd.kafka.v2+json" ....................... passed
When method get ........................................................... passed
Then status 200 ........................................................... passed
* print response .......................................................... passed
* assert response.topics[0] == "syed_topic" ............................... passed
Given url "http://192.168.1.62:8082" ...................................... passed
Given path "/consumers/my-consumer-group/instances/syed_consumer/records" . passed
And param timeout = 3000 .................................................. passed
And param max_bytes = 300000 .............................................. passed
And header Accept = "application/vnd.kafka.json.v2+json" .................. passed
When method get ........................................................... passed
Then status 200 ........................................................... passed
* print response .......................................................... passed
Given url "http://192.168.1.62:8082" ...................................... passed
Given path "/consumers/my-consumer-group/instances/syed_consumer/assignments" . passed
And header Accept = "application/vnd.kafka.v2+json" ....................... passed
When method get ........................................................... failed

Stack Trace:
com.intuit.karate.exception.KarateException: karate20-kafka3.feature:64 - 
java.net.SocketTimeoutException: Read timed out&#13;
	at ✽.When method get (karate20-kafka3.feature:64)&#13;

Then status 200 ........................................................... skipped
* print response .......................................................... skipped
* assert response.partitions[0].topic == "syed_topic" ..................... skipped
Given url "http://192.168.1.62:8082" ...................................... passed
Given path "/consumers/my-consumer-group/instances/syed_consumer/subscription" . passed
And header Accept = "application/vnd.kafka.v2+json" ....................... passed
When method delete ........................................................ failed

Stack Trace:
com.intuit.karate.exception.KarateException: karate20-kafka3.feature:74 - 
java.net.SocketTimeoutException: Read timed out&#13;
	at ✽.When method delete (karate20-kafka3.feature:74)&#13;

Then status 204 ........................................................... skipped
Given url "http://192.168.1.62:8082" ...................................... passed
Given path "/consumers/my-consumer-group/instances/syed_consumer" ......... passed
And header Accept = "application/vnd.kafka.v2+json" ....................... passed
When method delete ........................................................ failed

Stack Trace:
com.intuit.karate.exception.KarateException: karate20-kafka3.feature:81 - 
java.net.SocketTimeoutException: Read timed out&#13;
	at ✽.When method delete (karate20-kafka3.feature:81)&#13;

Then status 204 ........................................................... skipped</failure>
  </testcase>
  <testcase classname="feauturefiles.karate20-kafka3" name="Deleting consumer - Negative Test Case" time="4.996492">
    <failure message="karate20-kafka3.feature:87 - &#10;java.net.SocketTimeoutException: Read timed out">Given url "http://192.168.1.62:8082" ...................................... passed
Given path "/consumers/my-consumer-group" ................................. passed
And request ............................................................... passed
And header Content-Type = "application/vnd.kafka.json.v2+json" ............ passed
When method post .......................................................... passed
Then status 200 ........................................................... passed
* print response .......................................................... passed
* match response.instance_id == "syed_consumer" ........................... passed
* def consumer_url = response.base_uri .................................... passed
* print consumer_url ...................................................... passed
Given url "http://192.168.1.62:8082" ...................................... passed
Given path "/consumers/my-consumer-group/instances/syed_consumer/subscription" . passed
And request ............................................................... passed
And header Content-Type = "application/vnd.kafka.v2+json" ................. passed
When method post .......................................................... passed
Then status 204 ........................................................... passed
Given url "http://192.168.1.62:8082" ...................................... passed
Given path "/consumers/my-consumer-group/instances/syed_consumer/subscription" . passed
And header Accept = "application/vnd.kafka.v2+json" ....................... passed
When method get ........................................................... passed
Then status 200 ........................................................... passed
* print response .......................................................... passed
* assert response.topics[0] == "syed_topic" ............................... passed
Given url "http://192.168.1.62:8082" ...................................... passed
Given path "/consumers/my-consumer-group/instances/syed_consumer/records" . passed
And param timeout = 3000 .................................................. passed
And param max_bytes = 300000 .............................................. passed
And header Accept = "application/vnd.kafka.json.v2+json" .................. passed
When method get ........................................................... passed
Then status 200 ........................................................... passed
* print response .......................................................... passed
Given url "http://192.168.1.62:8082" ...................................... passed
Given path "/consumers/my-consumer-group/instances/syed_consumer/assignments" . passed
And header Accept = "application/vnd.kafka.v2+json" ....................... passed
When method get ........................................................... failed

Stack Trace:
com.intuit.karate.exception.KarateException: karate20-kafka3.feature:64 - 
java.net.SocketTimeoutException: Read timed out&#13;
	at ✽.When method get (karate20-kafka3.feature:64)&#13;

Then status 200 ........................................................... skipped
* print response .......................................................... skipped
* assert response.partitions[0].topic == "syed_topic" ..................... skipped
Given url "http://192.168.1.62:8082" ...................................... passed
Given path "/consumers/my-consumer-group/instances/syed_consumer/subscription" . passed
And header Accept = "application/vnd.kafka.v2+json" ....................... passed
When method delete ........................................................ failed

Stack Trace:
com.intuit.karate.exception.KarateException: karate20-kafka3.feature:74 - 
java.net.SocketTimeoutException: Read timed out&#13;
	at ✽.When method delete (karate20-kafka3.feature:74)&#13;

Then status 204 ........................................................... skipped
Given url "http://192.168.1.62:8082" ...................................... passed
Given path "/consumers/my-consumer-group/instances/syed_consumer" ......... passed
And header Accept = "application/vnd.kafka.v2+json" ....................... passed
When method delete ........................................................ failed

Stack Trace:
com.intuit.karate.exception.KarateException: karate20-kafka3.feature:81 - 
java.net.SocketTimeoutException: Read timed out&#13;
	at ✽.When method delete (karate20-kafka3.feature:81)&#13;

Then status 204 ........................................................... skipped
Given url "http://192.168.1.62:8082" ...................................... passed
Given path "/consumers/my-consumer-group/instances/syed_consumer" ......... passed
And header Accept = "application/vnd.kafka.v2+json" ....................... passed
When method delete ........................................................ failed

Stack Trace:
com.intuit.karate.exception.KarateException: karate20-kafka3.feature:87 - 
java.net.SocketTimeoutException: Read timed out&#13;
	at ✽.When method delete (karate20-kafka3.feature:87)&#13;

Then status 404 ........................................................... skipped
* assert response.message == "Consumer instance not found." ............... skipped</failure>
  </testcase>
</testsuite>
