<testsuite failures="0" name="feauturefiles/callingfeature.feature" skipped="0" tests="1" time="0.935653">
  <testcase classname="feauturefiles.callingfeature" name="Calling Feature Test Case 1" time="0.935653">
    <system-out>* def result = call read("calledfeature.feature") ......................... passed
* print result ............................................................ passed
* print result.response.string._ == "104" ................................. passed</system-out>
  </testcase>
</testsuite>
